<?xml version="1.0" encoding="UTF-8"?>
<!-- Generated by org.testng.reporters.JUnitReportReporter -->
<testsuite skipped="0" hostname="Venkatramanas-MacBook-Air.local" name="com.scotiabank.fwk.pageobjects.RbcCurrencyConverterPage" tests="1" failures="0" timestamp="23 Oct 2018 06:42:15 GMT" time="0.009" errors="0">
  <testcase name="test" time="0.009" classname="com.scotiabank.fwk.pageobjects.RbcCurrencyConverterPage"/>
</testsuite> <!-- com.scotiabank.fwk.pageobjects.RbcCurrencyConverterPage -->
