<?xml version="1.0" encoding="UTF-8"?>
<!-- Generated by org.testng.reporters.JUnitReportReporter -->
<testsuite skipped="0" hostname="VenkatrmanasAir" name="com.scotiabank.fwk.tests.RbcCurrencyConverterTestDemo" tests="2" failures="0" timestamp="23 Oct 2018 19:05:57 GMT" time="19.216" errors="0">
  <testcase name="testRbcCurrencyConversions" time="9.643" classname="com.scotiabank.fwk.tests.RbcCurrencyConverterTestDemo"/>
  <testcase name="testRbcCurrencyConversions" time="9.573" classname="com.scotiabank.fwk.tests.RbcCurrencyConverterTestDemo"/>
</testsuite> <!-- com.scotiabank.fwk.tests.RbcCurrencyConverterTestDemo -->
