<?xml version="1.0" encoding="UTF-8"?>
<!-- Generated by org.testng.reporters.JUnitReportReporter -->
<testsuite skipped="0" hostname="Venkatramanas-MacBook-Air.local" name="com.scotiabank.fwk.tests.RbcCurrencyConverterTestDemo" tests="2" failures="0" timestamp="23 Oct 2018 20:04:02 GMT" time="19.363" errors="0">
  <testcase name="testRbcCurrencyConversions" time="9.707" classname="com.scotiabank.fwk.tests.RbcCurrencyConverterTestDemo"/>
  <testcase name="testRbcCurrencyConversions" time="9.656" classname="com.scotiabank.fwk.tests.RbcCurrencyConverterTestDemo"/>
</testsuite> <!-- com.scotiabank.fwk.tests.RbcCurrencyConverterTestDemo -->
